[debug] [2023-10-07T10:24:53.904Z] ----------------------------------------------------------------------
[debug] [2023-10-07T10:24:53.906Z] Command:       C:\Program Files\nodejs\node.exe C:\Users\Ps2Ch\AppData\Roaming\npm\node_modules\firebase-tools\lib\bin\firebase.js init hosting
[debug] [2023-10-07T10:24:53.906Z] CLI Version:   12.6.2
[debug] [2023-10-07T10:24:53.907Z] Platform:      win32
[debug] [2023-10-07T10:24:53.907Z] Node Version:  v18.12.1
[debug] [2023-10-07T10:24:53.908Z] Time:          Sat Oct 07 2023 12:24:53 GMT+0200 (Central European Summer Time)
[debug] [2023-10-07T10:24:53.908Z] ----------------------------------------------------------------------
[debug] 
[debug] [2023-10-07T10:24:53.916Z] > command requires scopes: ["email","openid","https://www.googleapis.com/auth/cloudplatformprojects.readonly","https://www.googleapis.com/auth/firebase","https://www.googleapis.com/auth/cloud-platform"]
[debug] [2023-10-07T10:24:53.917Z] > authorizing via signed-in user (ps5christian@hotmail.com)
[info] 
     ######## #### ########  ######## ########     ###     ######  ########
     ##        ##  ##     ## ##       ##     ##  ##   ##  ##       ##
     ######    ##  ########  ######   ########  #########  ######  ######
     ##        ##  ##    ##  ##       ##     ## ##     ##       ## ##
     ##       #### ##     ## ######## ########  ##     ##  ######  ########

You're about to initialize a Firebase project in this directory:

  C:\Users\Ps2Ch\OneDrive\Dokumenter\GitHub\Melvor-idle-api-clone-project

[info] 
=== Project Setup
[info] 
[info] First, let's associate this project directory with a Firebase project.
[info] You can create multiple project aliases by running firebase use --add, 
[info] but for now we'll just set up a default project.
[info] 
[debug] [2023-10-07T10:25:29.460Z] >>> [apiv2][query] GET https://firebase.googleapis.com/v1beta1/projects pageSize=100
[debug] [2023-10-07T10:25:30.027Z] <<< [apiv2][status] GET https://firebase.googleapis.com/v1beta1/projects 200
[debug] [2023-10-07T10:25:30.027Z] <<< [apiv2][body] GET https://firebase.googleapis.com/v1beta1/projects [omitted]
[info] i  Using project melvor-idle-8dfc0 (Melvor Idle) 
[info] 
=== Hosting Setup
[info] 
[info] Your public directory is the folder (relative to your project directory) that
[info] will contain Hosting assets to be uploaded with firebase deploy. If you
[info] have a build process for your assets, use your build's output directory.
[info] 
[debug] [2023-10-07T10:27:17.202Z] ----------------------------------------------------------------------
[debug] [2023-10-07T10:27:17.204Z] Command:       C:\Program Files\nodejs\node.exe C:\Users\Ps2Ch\AppData\Roaming\npm\node_modules\firebase-tools\lib\bin\firebase.js init hosting
[debug] [2023-10-07T10:27:17.205Z] CLI Version:   12.6.2
[debug] [2023-10-07T10:27:17.205Z] Platform:      win32
[debug] [2023-10-07T10:27:17.205Z] Node Version:  v18.12.1
[debug] [2023-10-07T10:27:17.206Z] Time:          Sat Oct 07 2023 12:27:17 GMT+0200 (Central European Summer Time)
[debug] [2023-10-07T10:27:17.206Z] ----------------------------------------------------------------------
[debug] 
[debug] [2023-10-07T10:27:17.215Z] > command requires scopes: ["email","openid","https://www.googleapis.com/auth/cloudplatformprojects.readonly","https://www.googleapis.com/auth/firebase","https://www.googleapis.com/auth/cloud-platform"]
[debug] [2023-10-07T10:27:17.215Z] > authorizing via signed-in user (ps5christian@hotmail.com)
[info] 
     ######## #### ########  ######## ########     ###     ######  ########
     ##        ##  ##     ## ##       ##     ##  ##   ##  ##       ##
     ######    ##  ########  ######   ########  #########  ######  ######
     ##        ##  ##    ##  ##       ##     ## ##     ##       ## ##
     ##       #### ##     ## ######## ########  ##     ##  ######  ########

You're about to initialize a Firebase project in this directory:

  C:\Users\Ps2Ch\OneDrive\Dokumenter\GitHub\Melvor-idle-api-clone-project

[info] 
=== Project Setup
[info] 
[info] First, let's associate this project directory with a Firebase project.
[info] You can create multiple project aliases by running firebase use --add, 
[info] but for now we'll just set up a default project.
[info] 
[debug] [2023-10-07T10:27:22.741Z] >>> [apiv2][query] GET https://firebase.googleapis.com/v1beta1/projects pageSize=100
[debug] [2023-10-07T10:27:23.449Z] <<< [apiv2][status] GET https://firebase.googleapis.com/v1beta1/projects 200
[debug] [2023-10-07T10:27:23.449Z] <<< [apiv2][body] GET https://firebase.googleapis.com/v1beta1/projects [omitted]
[info] i  Using project melvor-idle-8dfc0 (Melvor Idle) 
[info] 
=== Hosting Setup
[info] 
[info] Your public directory is the folder (relative to your project directory) that
[info] will contain Hosting assets to be uploaded with firebase deploy. If you
[info] have a build process for your assets, use your build's output directory.
[info] 
[debug] [2023-10-07T10:29:57.718Z] ----------------------------------------------------------------------
[debug] [2023-10-07T10:29:57.722Z] Command:       C:\Program Files\nodejs\node.exe C:\Users\Ps2Ch\AppData\Roaming\npm\node_modules\firebase-tools\lib\bin\firebase.js init hosting
[debug] [2023-10-07T10:29:57.722Z] CLI Version:   12.6.2
[debug] [2023-10-07T10:29:57.723Z] Platform:      win32
[debug] [2023-10-07T10:29:57.723Z] Node Version:  v18.12.1
[debug] [2023-10-07T10:29:57.724Z] Time:          Sat Oct 07 2023 12:29:57 GMT+0200 (Central European Summer Time)
[debug] [2023-10-07T10:29:57.724Z] ----------------------------------------------------------------------
[debug] 
[debug] [2023-10-07T10:29:57.736Z] > command requires scopes: ["email","openid","https://www.googleapis.com/auth/cloudplatformprojects.readonly","https://www.googleapis.com/auth/firebase","https://www.googleapis.com/auth/cloud-platform"]
[debug] [2023-10-07T10:29:57.736Z] > authorizing via signed-in user (ps5christian@hotmail.com)
[info] 
     ######## #### ########  ######## ########     ###     ######  ########
     ##        ##  ##     ## ##       ##     ##  ##   ##  ##       ##
     ######    ##  ########  ######   ########  #########  ######  ######
     ##        ##  ##    ##  ##       ##     ## ##     ##       ## ##
     ##       #### ##     ## ######## ########  ##     ##  ######  ########

You're about to initialize a Firebase project in this directory:

  C:\Users\Ps2Ch\OneDrive\Dokumenter\GitHub\Melvor-idle-api-clone-project

[info] 
=== Project Setup
[info] 
[info] First, let's associate this project directory with a Firebase project.
[info] You can create multiple project aliases by running firebase use --add, 
[info] but for now we'll just set up a default project.
[info] 
[debug] [2023-10-07T10:30:03.325Z] >>> [apiv2][query] GET https://firebase.googleapis.com/v1beta1/projects pageSize=100
[debug] [2023-10-07T10:30:04.407Z] <<< [apiv2][status] GET https://firebase.googleapis.com/v1beta1/projects 200
[debug] [2023-10-07T10:30:04.407Z] <<< [apiv2][body] GET https://firebase.googleapis.com/v1beta1/projects [omitted]
[info] i  Using project melvor-idle-8dfc0 (Melvor Idle) 
[info] 
=== Hosting Setup
[info] 
[info] Your public directory is the folder (relative to your project directory) that
[info] will contain Hosting assets to be uploaded with firebase deploy. If you
[info] have a build process for your assets, use your build's output directory.
[info] 
[debug] [2023-10-07T10:31:07.752Z] Error: Path contains invalid characters: C:\Users\Ps2Ch\OneDrive\Dokumenter\GitHub\Melvor-idle-api-clone-project\cd C:\Users\Ps2Ch\OneDrive\Dokumenter\GitHub\Melvor-idle-api-clone-project
    at checkPath (C:\Users\Ps2Ch\AppData\Roaming\npm\node_modules\firebase-tools\node_modules\fs-extra\lib\mkdirs\utils.js:16:21)
    at module.exports.makeDirSync (C:\Users\Ps2Ch\AppData\Roaming\npm\node_modules\firebase-tools\node_modules\fs-extra\lib\mkdirs\make-dir.js:21:3)
    at Object.createFileSync (C:\Users\Ps2Ch\AppData\Roaming\npm\node_modules\firebase-tools\node_modules\fs-extra\lib\ensure\file.js:59:45)
    at Config.writeProjectFile (C:\Users\Ps2Ch\AppData\Roaming\npm\node_modules\firebase-tools\lib\config.js:152:12)
    at C:\Users\Ps2Ch\AppData\Roaming\npm\node_modules\firebase-tools\lib\config.js:176:22
    at process.processTicksAndRejections (node:internal/process/task_queues:95:5)
    at async doSetup (C:\Users\Ps2Ch\AppData\Roaming\npm\node_modules\firebase-tools\lib\init\features\hosting\index.js:141:13)
    at async init (C:\Users\Ps2Ch\AppData\Roaming\npm\node_modules\firebase-tools\lib\init\index.js:41:9)
[error] 
[error] Error: An unexpected error has occurred.
[debug] [2023-10-07T10:31:20.401Z] ----------------------------------------------------------------------
[debug] [2023-10-07T10:31:20.403Z] Command:       C:\Program Files\nodejs\node.exe C:\Users\Ps2Ch\AppData\Roaming\npm\node_modules\firebase-tools\lib\bin\firebase.js init hosting
[debug] [2023-10-07T10:31:20.404Z] CLI Version:   12.6.2
[debug] [2023-10-07T10:31:20.404Z] Platform:      win32
[debug] [2023-10-07T10:31:20.404Z] Node Version:  v18.12.1
[debug] [2023-10-07T10:31:20.405Z] Time:          Sat Oct 07 2023 12:31:20 GMT+0200 (Central European Summer Time)
[debug] [2023-10-07T10:31:20.405Z] ----------------------------------------------------------------------
[debug] 
[debug] [2023-10-07T10:31:20.414Z] > command requires scopes: ["email","openid","https://www.googleapis.com/auth/cloudplatformprojects.readonly","https://www.googleapis.com/auth/firebase","https://www.googleapis.com/auth/cloud-platform"]
[debug] [2023-10-07T10:31:20.414Z] > authorizing via signed-in user (ps5christian@hotmail.com)
[info] 
     ######## #### ########  ######## ########     ###     ######  ########
     ##        ##  ##     ## ##       ##     ##  ##   ##  ##       ##
     ######    ##  ########  ######   ########  #########  ######  ######
     ##        ##  ##    ##  ##       ##     ## ##     ##       ## ##
     ##       #### ##     ## ######## ########  ##     ##  ######  ########

You're about to initialize a Firebase project in this directory:

  C:\Users\Ps2Ch\OneDrive\Dokumenter\GitHub\Melvor-idle-api-clone-project

[info] 
=== Project Setup
[info] 
[info] First, let's associate this project directory with a Firebase project.
[info] You can create multiple project aliases by running firebase use --add, 
[info] but for now we'll just set up a default project.
[info] 
[debug] [2023-10-07T10:31:23.092Z] >>> [apiv2][query] GET https://firebase.googleapis.com/v1beta1/projects pageSize=100
[debug] [2023-10-07T10:31:24.764Z] <<< [apiv2][status] GET https://firebase.googleapis.com/v1beta1/projects 200
[debug] [2023-10-07T10:31:24.764Z] <<< [apiv2][body] GET https://firebase.googleapis.com/v1beta1/projects [omitted]
[info] i  Using project melvor-idle-8dfc0 (Melvor Idle) 
[info] 
=== Hosting Setup
[info] 
[info] Your public directory is the folder (relative to your project directory) that
[info] will contain Hosting assets to be uploaded with firebase deploy. If you
[info] have a build process for your assets, use your build's output directory.
[info] 
[debug] [2023-10-07T10:31:44.253Z] Error: Path contains invalid characters: C:\Users\Ps2Ch\OneDrive\Dokumenter\GitHub\Melvor-idle-api-clone-project\C:\Users\Ps2Ch\OneDrive\Dokumenter\GitHub\Melvor-idle-api-clone-project
    at checkPath (C:\Users\Ps2Ch\AppData\Roaming\npm\node_modules\firebase-tools\node_modules\fs-extra\lib\mkdirs\utils.js:16:21)
    at module.exports.makeDirSync (C:\Users\Ps2Ch\AppData\Roaming\npm\node_modules\firebase-tools\node_modules\fs-extra\lib\mkdirs\make-dir.js:21:3)
    at Object.createFileSync (C:\Users\Ps2Ch\AppData\Roaming\npm\node_modules\firebase-tools\node_modules\fs-extra\lib\ensure\file.js:59:45)
    at Config.writeProjectFile (C:\Users\Ps2Ch\AppData\Roaming\npm\node_modules\firebase-tools\lib\config.js:152:12)
    at C:\Users\Ps2Ch\AppData\Roaming\npm\node_modules\firebase-tools\lib\config.js:176:22
    at process.processTicksAndRejections (node:internal/process/task_queues:95:5)
    at async doSetup (C:\Users\Ps2Ch\AppData\Roaming\npm\node_modules\firebase-tools\lib\init\features\hosting\index.js:141:13)
    at async init (C:\Users\Ps2Ch\AppData\Roaming\npm\node_modules\firebase-tools\lib\init\index.js:41:9)
[error] 
[error] Error: An unexpected error has occurred.
[debug] [2023-10-07T10:31:50.403Z] ----------------------------------------------------------------------
[debug] [2023-10-07T10:31:50.405Z] Command:       C:\Program Files\nodejs\node.exe C:\Users\Ps2Ch\AppData\Roaming\npm\node_modules\firebase-tools\lib\bin\firebase.js init hosting
[debug] [2023-10-07T10:31:50.406Z] CLI Version:   12.6.2
[debug] [2023-10-07T10:31:50.406Z] Platform:      win32
[debug] [2023-10-07T10:31:50.406Z] Node Version:  v18.12.1
[debug] [2023-10-07T10:31:50.407Z] Time:          Sat Oct 07 2023 12:31:50 GMT+0200 (Central European Summer Time)
[debug] [2023-10-07T10:31:50.407Z] ----------------------------------------------------------------------
[debug] 
[debug] [2023-10-07T10:31:50.416Z] > command requires scopes: ["email","openid","https://www.googleapis.com/auth/cloudplatformprojects.readonly","https://www.googleapis.com/auth/firebase","https://www.googleapis.com/auth/cloud-platform"]
[debug] [2023-10-07T10:31:50.416Z] > authorizing via signed-in user (ps5christian@hotmail.com)
[info] 
     ######## #### ########  ######## ########     ###     ######  ########
     ##        ##  ##     ## ##       ##     ##  ##   ##  ##       ##
     ######    ##  ########  ######   ########  #########  ######  ######
     ##        ##  ##    ##  ##       ##     ## ##     ##       ## ##
     ##       #### ##     ## ######## ########  ##     ##  ######  ########

You're about to initialize a Firebase project in this directory:

  C:\Users\Ps2Ch\OneDrive\Dokumenter\GitHub\Melvor-idle-api-clone-project

[info] 
=== Project Setup
[info] 
[info] First, let's associate this project directory with a Firebase project.
[info] You can create multiple project aliases by running firebase use --add, 
[info] but for now we'll just set up a default project.
[info] 
[debug] [2023-10-07T10:31:53.341Z] >>> [apiv2][query] GET https://firebase.googleapis.com/v1beta1/projects pageSize=100
[debug] [2023-10-07T10:31:53.848Z] <<< [apiv2][status] GET https://firebase.googleapis.com/v1beta1/projects 200
[debug] [2023-10-07T10:31:53.848Z] <<< [apiv2][body] GET https://firebase.googleapis.com/v1beta1/projects [omitted]
[info] i  Using project melvor-idle-8dfc0 (Melvor Idle) 
[info] 
=== Hosting Setup
[info] 
[info] Your public directory is the folder (relative to your project directory) that
[info] will contain Hosting assets to be uploaded with firebase deploy. If you
[info] have a build process for your assets, use your build's output directory.
[info] 
[debug] [2023-10-07T10:32:04.400Z] Error: Path contains invalid characters: C:\Users\Ps2Ch\OneDrive\Dokumenter\GitHub\Melvor-idle-api-clone-project\C:\Users\Ps2Ch\OneDrive\Dokumenter\GitHub\Melvor-idle-api-clone-project
    at checkPath (C:\Users\Ps2Ch\AppData\Roaming\npm\node_modules\firebase-tools\node_modules\fs-extra\lib\mkdirs\utils.js:16:21)
    at module.exports.makeDirSync (C:\Users\Ps2Ch\AppData\Roaming\npm\node_modules\firebase-tools\node_modules\fs-extra\lib\mkdirs\make-dir.js:21:3)
    at Object.createFileSync (C:\Users\Ps2Ch\AppData\Roaming\npm\node_modules\firebase-tools\node_modules\fs-extra\lib\ensure\file.js:59:45)
    at Config.writeProjectFile (C:\Users\Ps2Ch\AppData\Roaming\npm\node_modules\firebase-tools\lib\config.js:152:12)
    at C:\Users\Ps2Ch\AppData\Roaming\npm\node_modules\firebase-tools\lib\config.js:176:22
    at process.processTicksAndRejections (node:internal/process/task_queues:95:5)
    at async doSetup (C:\Users\Ps2Ch\AppData\Roaming\npm\node_modules\firebase-tools\lib\init\features\hosting\index.js:141:13)
    at async init (C:\Users\Ps2Ch\AppData\Roaming\npm\node_modules\firebase-tools\lib\init\index.js:41:9)
[error] 
[error] Error: An unexpected error has occurred.
